kotlin version: 2.1.20-Beta1
error message: java.lang.NoSuchMethodError: 'org.jetbrains.org.objectweb.asm.Type org.jetbrains.kotlin.codegen.state.KotlinTypeMapper.mapType(org.jetbrains.kotlin.descriptors.ClassifierDescriptor)'
	at com.google.devtools.ksp.processing.impl.ResolverImpl.mapToJvmSignatureInternal$compiler_plugin(ResolverImpl.kt:359)
	at com.google.devtools.ksp.processing.impl.ResolverImpl.mapToJvmSignature(ResolverImpl.kt:356)
	at androidx.room.compiler.processing.ksp.KSTypeJavaPoetExtKt.asJTypeName(KSTypeJavaPoetExt.kt:108)
	at androidx.room.compiler.processing.ksp.KSTypeJavaPoetExtKt.asJTypeName(KSTypeJavaPoetExt.kt:194)
	at androidx.room.compiler.processing.ksp.KSTypeJavaPoetExtKt.asJTypeName(KSTypeJavaPoetExt.kt:170)
	at androidx.room.compiler.processing.ksp.KspPrimitiveType.resolveJTypeName(KspPrimitiveType.kt:39)
	at androidx.room.compiler.processing.ksp.KspType$xTypeName$2.invoke(KspType.kt:85)
	at androidx.room.compiler.processing.ksp.KspType$xTypeName$2.invoke(KspType.kt:73)
	at kotlin.SynchronizedLazyImpl.getValue(LazyJVM.kt:83)
	at androidx.room.compiler.processing.ksp.KspType.getXTypeName(KspType.kt:73)
	at androidx.room.compiler.processing.ksp.KspType.asTypeName(KspType.kt:67)
	at androidx.room.solver.NullAwareTypeConverterStore.<init>(NullAwareTypeConverterStore.kt:55)
	at androidx.room.solver.TypeConverterStore$Companion.create(TypeConverterStore.kt:92)
	at androidx.room.solver.TypeAdapterStore$Companion.create(TypeAdapterStore.kt:198)
	at androidx.room.processor.Context$typeAdapterStore$2.invoke(Context.kt:60)
	at androidx.room.processor.Context$typeAdapterStore$2.invoke(Context.kt:56)
	at kotlin.SynchronizedLazyImpl.getValue(LazyJVM.kt:83)
	at androidx.room.processor.Context.getTypeAdapterStore(Context.kt:56)
	at androidx.room.processor.Context.collectLogs(Context.kt:187)
	at androidx.room.DatabaseProcessingStep.process(DatabaseProcessingStep.kt:64)
	at androidx.room.compiler.processing.CommonProcessorDelegate.processRound(XBasicAnnotationProcessor.kt:130)
	at androidx.room.compiler.processing.ksp.KspBasicAnnotationProcessor.process(KspBasicAnnotationProcessor.kt:62)
	at com.google.devtools.ksp.AbstractKotlinSymbolProcessingExtension$doAnalysis$8$1.invoke(KotlinSymbolProcessingExtension.kt:310)
	at com.google.devtools.ksp.AbstractKotlinSymbolProcessingExtension$doAnalysis$8$1.invoke(KotlinSymbolProcessingExtension.kt:308)
	at com.google.devtools.ksp.AbstractKotlinSymbolProcessingExtension.handleException(KotlinSymbolProcessingExtension.kt:414)
	at com.google.devtools.ksp.AbstractKotlinSymbolProcessingExtension.doAnalysis(KotlinSymbolProcessingExtension.kt:308)
	at org.jetbrains.kotlin.cli.jvm.compiler.TopDownAnalyzerFacadeForJVM.analyzeFilesWithJavaIntegration(TopDownAnalyzerFacadeForJVM.kt:111)
	at org.jetbrains.kotlin.cli.jvm.compiler.TopDownAnalyzerFacadeForJVM.analyzeFilesWithJavaIntegration$default(TopDownAnalyzerFacadeForJVM.kt:74)
	at org.jetbrains.kotlin.cli.jvm.compiler.KotlinToJVMBytecodeCompiler.analyze$lambda$9(KotlinToJVMBytecodeCompiler.kt:353)
	at org.jetbrains.kotlin.cli.common.messages.AnalyzerWithCompilerReport.analyzeAndReport(AnalyzerWithCompilerReport.kt:112)
	at org.jetbrains.kotlin.cli.jvm.compiler.KotlinToJVMBytecodeCompiler.analyze(KotlinToJVMBytecodeCompiler.kt:344)
	at org.jetbrains.kotlin.cli.jvm.compiler.KotlinToJVMBytecodeCompiler.runFrontendAndGenerateIrUsingClassicFrontend(KotlinToJVMBytecodeCompiler.kt:176)
	at org.jetbrains.kotlin.cli.jvm.compiler.KotlinToJVMBytecodeCompiler.compileModules$cli(KotlinToJVMBytecodeCompiler.kt:101)
	at org.jetbrains.kotlin.cli.jvm.K2JVMCompiler.doExecute(K2JVMCompiler.kt:166)
	at org.jetbrains.kotlin.cli.jvm.K2JVMCompiler.doExecute(K2JVMCompiler.kt:40)
	at org.jetbrains.kotlin.cli.common.CLICompiler.execImpl(CLICompiler.kt:102)
	at org.jetbrains.kotlin.cli.common.CLICompiler.exec(CLICompiler.kt:316)
	at org.jetbrains.kotlin.daemon.CompileServiceImpl.compile(CompileServiceImpl.kt:1548)
	at java.base/jdk.internal.reflect.DirectMethodHandleAccessor.invoke(DirectMethodHandleAccessor.java:103)
	at java.base/java.lang.reflect.Method.invoke(Method.java:580)
	at java.rmi/sun.rmi.server.UnicastServerRef.dispatch(UnicastServerRef.java:360)
	at java.rmi/sun.rmi.transport.Transport$1.run(Transport.java:200)
	at java.rmi/sun.rmi.transport.Transport$1.run(Transport.java:197)
	at java.base/java.security.AccessController.doPrivileged(AccessController.java:714)
	at java.rmi/sun.rmi.transport.Transport.serviceCall(Transport.java:196)
	at java.rmi/sun.rmi.transport.tcp.TCPTransport.handleMessages(TCPTransport.java:598)
	at java.rmi/sun.rmi.transport.tcp.TCPTransport$ConnectionHandler.run0(TCPTransport.java:844)
	at java.rmi/sun.rmi.transport.tcp.TCPTransport$ConnectionHandler.lambda$run$0(TCPTransport.java:721)
	at java.base/java.security.AccessController.doPrivileged(AccessController.java:400)
	at java.rmi/sun.rmi.transport.tcp.TCPTransport$ConnectionHandler.run(TCPTransport.java:720)
	at java.base/java.util.concurrent.ThreadPoolExecutor.runWorker(ThreadPoolExecutor.java:1144)
	at java.base/java.util.concurrent.ThreadPoolExecutor$Worker.run(ThreadPoolExecutor.java:642)
	at java.base/java.lang.Thread.run(Thread.java:1570)


